<?xml version="1.0" encoding="UTF-8"?>
<!-- Generated by org.testng.reporters.JUnitReportReporter -->
<testsuite hostname="LTIN340006" failures="0" tests="1" name="testCases.LoginTest" time="26.110" errors="0" timestamp="8 Apr 2024 16:24:04 GMT" skipped="0">
  <testcase classname="testCases.LoginTest" name="verifyLoginTest" time="26.110"/>
</testsuite> <!-- testCases.LoginTest -->
