<?xml version="1.0" encoding="UTF-8"?>
<!-- Generated by org.testng.reporters.JUnitReportReporter -->
<testsuite hostname="LTIN340006" failures="0" tests="1" name="testCases.TC_01_LoginTest" time="24.983" errors="0" timestamp="9 Apr 2024 11:51:12 GMT" skipped="0">
  <testcase classname="testCases.TC_01_LoginTest" name="verifyLoginTest" time="24.983"/>
</testsuite> <!-- testCases.TC_01_LoginTest -->
